生成启动时间为 2016-7-6 15:53:59。
     1>项目“D:\VM\SHARE\mqtt-Meter\mqtt-meter.vcxproj”在节点 2 上(build 个目标)。
     1>InitializeBuildStatus:
         正在对“Debug\mqtt-meter.unsuccessfulbuild”执行 Touch 任务。
       ClCompile:
         C:\Program Files\Microsoft Visual Studio 10.0\VC\bin\CL.exe /c /Zi /nologo /W3 /WX- /Od /Oy- /D WIN32 /D _DEBUG /D _WINDOWS /Gm /EHsc /RTC1 /MDd /GS /fp:precise /Zc:wchar_t /Zc:forScope /Fo"Debug\\" /Fd"Debug\vc100.pdb" /Gd /TC /analyze- /errorReport:prompt app\user\74HC595.c app\user\at_upgrade.c app\user\http_post.c app\user\i2c_master.c app\user\key.c app\user\mqtt.c app\user\mqtt_msg.c app\user\oled.c app\user\proto.c app\user\queue.c app\user\ringbuf.c app\user\tcpClient.c app\user\uart.c "app\user\US-100.c" app\user\user_key.c app\user\user_main.c app\user\user_mqtt.c app\user\user_set.c app\user\user_time.c app\user\utils.c app\user\V9881.c
         V9881.c
     1>app\user\V9881.c(1): fatal error C1083: 无法打开包括文件:“V9881.h”: No such file or directory
         utils.c
     1>app\user\utils.c(38): fatal error C1083: 无法打开包括文件:“utils.h”: No such file or directory
         user_time.c
     1>d:\vm\share\mqtt-meter\app\user\user_time.h(1): fatal error C1083: 无法打开包括文件:“sntp.h”: No such file or directory
         user_set.c
     1>app\user\user_set.c(1): fatal error C1083: 无法打开包括文件:“ets_sys.h”: No such file or directory
         user_mqtt.c
     1>app\user\user_mqtt.c(1): fatal error C1083: 无法打开包括文件:“ets_sys.h”: No such file or directory
         user_main.c
     1>app\user\user_main.c(1): fatal error C1083: 无法打开包括文件:“ets_sys.h”: No such file or directory
         user_key.c
     1>app\user\user_key.c(1): fatal error C1083: 无法打开包括文件:“key.h”: No such file or directory
         US-100.c
     1>app\user\US-100.c(1): fatal error C1083: 无法打开包括文件:“ets_sys.h”: No such file or directory
         uart.c
     1>app\user\uart.c(17): fatal error C1083: 无法打开包括文件:“ets_sys.h”: No such file or directory
         tcpClient.c
     1>app\user\tcpClient.c(1): fatal error C1083: 无法打开包括文件:“ets_sys.h”: No such file or directory
         ringbuf.c
     1>app\user\ringbuf.c(6): fatal error C1083: 无法打开包括文件:“ringbuf.h”: No such file or directory
         queue.c
     1>app\user\queue.c(30): fatal error C1083: 无法打开包括文件:“queue.h”: No such file or directory
         proto.c
     1>app\user\proto.c(1): fatal error C1083: 无法打开包括文件:“proto.h”: No such file or directory
         oled.c
     1>d:\vm\share\mqtt-meter\app\user\i2c_master.h(4): fatal error C1083: 无法打开包括文件:“c_types.h”: No such file or directory
         mqtt_msg.c
     1>app\user\mqtt_msg.c(33): fatal error C1083: 无法打开包括文件:“mqtt_msg.h”: No such file or directory
         mqtt.c
     1>app\user\mqtt.c(32): fatal error C1083: 无法打开包括文件:“user_interface.h”: No such file or directory
         key.c
     1>app\user\key.c(11): fatal error C1083: 无法打开包括文件:“ets_sys.h”: No such file or directory
         i2c_master.c
     1>app\user\i2c_master.c(11): fatal error C1083: 无法打开包括文件:“ets_sys.h”: No such file or directory
         http_post.c
     1>app\user\http_post.c(1): fatal error C1083: 无法打开包括文件:“ets_sys.h”: No such file or directory
         at_upgrade.c
     1>app\user\at_upgrade.c(1): fatal error C1083: 无法打开包括文件:“c_types.h”: No such file or directory
         正在生成代码...
         正在编译...
         74HC595.c
     1>app\user\74HC595.c(1): fatal error C1083: 无法打开包括文件:“ets_sys.h”: No such file or directory
         正在生成代码...
     1>已完成生成项目“D:\VM\SHARE\mqtt-Meter\mqtt-meter.vcxproj”(build 个目标)的操作 - 失败。

生成失败。

已用时间 00:00:01.32
